TN:
SF:d:\Profiles\hnouts\Documents\PenduJs-Server\build\api\1.0\user\updateuser.js
FNF:0
FNH:0
LF:0
LH:0
BRF:0
BRH:0
end_of_record
TN:
SF:d:\Profiles\hnouts\Documents\PenduJs-Server\build\api\1.0\user\updateuser.spec.js
FNF:0
FNH:0
LF:0
LH:0
BRF:0
BRH:0
end_of_record
TN:
SF:d:\Profiles\hnouts\Documents\PenduJs-Server\src\api-doc.ts
FNF:0
FNH:0
DA:1,1
DA:2,1
DA:4,1
LF:3
LH:3
BRF:0
BRH:0
end_of_record
TN:
SF:d:\Profiles\hnouts\Documents\PenduJs-Server\src\app.ts
FN:21,init
FN:49,(anonymous_8)
FN:55,(anonymous_9)
FN:80,(anonymous_10)
FN:100,(anonymous_11)
FNF:5
FNH:4
FNDA:1,init
FNDA:68,(anonymous_8)
FNDA:68,(anonymous_9)
FNDA:0,(anonymous_10)
FNDA:1,(anonymous_11)
DA:1,1
DA:2,1
DA:3,1
DA:4,1
DA:6,1
DA:9,1
DA:10,1
DA:11,1
DA:12,1
DA:13,1
DA:14,1
DA:16,1
DA:18,1
DA:22,1
DA:23,1
DA:25,1
DA:26,1
DA:27,1
DA:29,0
DA:32,1
DA:34,1
DA:36,1
DA:43,1
DA:44,1
DA:49,1
DA:50,68
DA:51,68
DA:55,1
DA:56,68
DA:57,68
DA:58,68
DA:62,68
DA:65,1
DA:66,1
DA:68,1
DA:69,1
DA:73,1
DA:76,1
DA:77,1
DA:80,1
DA:81,0
DA:85,1
DA:86,1
DA:88,1
DA:91,1
DA:93,0
DA:96,0
DA:100,1
DA:101,1
LF:49
LH:45
BRF:0
BRH:0
end_of_record
TN:
SF:d:\Profiles\hnouts\Documents\PenduJs-Server\src\config.ts
FNF:0
FNH:0
DA:1,1
DA:2,1
DA:4,1
DA:6,1
DA:74,1
DA:136,1
LF:6
LH:6
BRF:0
BRH:0
end_of_record
TN:
SF:d:\Profiles\hnouts\Documents\PenduJs-Server\src\api\1.0\user.spec.ts
FN:12,login
FN:48,(anonymous_8)
FN:58,(anonymous_9)
FN:60,(anonymous_10)
FN:61,(anonymous_11)
FN:61,(anonymous_12)
FN:69,(anonymous_13)
FN:70,(anonymous_14)
FN:76,(anonymous_16)
FN:82,(anonymous_17)
FN:87,(anonymous_19)
FNF:11
FNH:11
FNDA:1,login
FNDA:1,(anonymous_8)
FNDA:1,(anonymous_9)
FNDA:1,(anonymous_10)
FNDA:1,(anonymous_11)
FNDA:1,(anonymous_12)
FNDA:1,(anonymous_13)
FNDA:1,(anonymous_14)
FNDA:1,(anonymous_16)
FNDA:1,(anonymous_17)
FNDA:1,(anonymous_19)
DA:1,1
DA:2,1
DA:3,1
DA:4,1
DA:5,1
DA:6,1
DA:7,1
DA:8,1
DA:9,1
DA:10,1
DA:14,1
DA:15,1
DA:16,1
DA:17,1
DA:18,1
DA:19,1
DA:20,1
DA:21,1
DA:23,1
DA:24,1
DA:41,1
DA:42,1
DA:49,1
DA:50,1
DA:51,1
DA:52,1
DA:54,1
DA:58,1
DA:60,1
DA:61,1
DA:63,1
DA:65,1
DA:69,1
DA:70,1
DA:71,1
DA:72,1
DA:77,1
DA:78,1
DA:82,1
DA:83,1
DA:88,1
DA:89,1
DA:90,1
DA:98,1
LF:44
LH:44
BRF:0
BRH:0
end_of_record
TN:
SF:d:\Profiles\hnouts\Documents\PenduJs-Server\src\api\1.0\user.ts
FN:68,(anonymous_6)
FNF:1
FNH:1
FNDA:1,(anonymous_6)
DA:3,1
DA:4,1
DA:5,1
DA:7,1
DA:68,1
DA:69,1
DA:70,1
DA:76,1
DA:77,1
DA:84,1
DA:86,0
DA:90,1
LF:12
LH:11
BRDA:80,0,0,1
BRDA:80,0,1,0
BRF:2
BRH:1
end_of_record
TN:
SF:d:\Profiles\hnouts\Documents\PenduJs-Server\src\api\1.0\auth\forgetpassword.spec.ts
FN:14,login
FN:49,(anonymous_8)
FN:59,(anonymous_9)
FN:61,(anonymous_10)
FN:62,(anonymous_11)
FN:62,(anonymous_12)
FN:70,(anonymous_13)
FN:73,(anonymous_14)
FN:80,(anonymous_16)
FN:97,(anonymous_17)
FN:106,(anonymous_19)
FN:124,(anonymous_20)
FN:142,(anonymous_22)
FN:156,(anonymous_23)
FNF:14
FNH:14
FNDA:2,login
FNDA:2,(anonymous_8)
FNDA:1,(anonymous_9)
FNDA:1,(anonymous_10)
FNDA:1,(anonymous_11)
FNDA:1,(anonymous_12)
FNDA:1,(anonymous_13)
FNDA:1,(anonymous_14)
FNDA:1,(anonymous_16)
FNDA:1,(anonymous_17)
FNDA:1,(anonymous_19)
FNDA:1,(anonymous_20)
FNDA:1,(anonymous_22)
FNDA:1,(anonymous_23)
DA:1,1
DA:2,1
DA:3,1
DA:4,1
DA:5,1
DA:7,1
DA:8,1
DA:9,1
DA:10,1
DA:11,1
DA:12,1
DA:16,2
DA:17,2
DA:18,2
DA:19,2
DA:20,2
DA:21,2
DA:22,2
DA:23,2
DA:24,2
DA:25,2
DA:42,2
DA:43,2
DA:50,2
DA:51,2
DA:52,2
DA:53,2
DA:55,2
DA:59,1
DA:61,1
DA:62,1
DA:64,1
DA:66,1
DA:70,1
DA:73,1
DA:74,1
DA:75,1
DA:81,1
DA:92,1
DA:97,1
DA:98,1
DA:99,1
DA:107,1
DA:117,1
DA:123,1
DA:125,1
DA:135,1
DA:143,1
DA:144,1
DA:145,1
DA:155,1
DA:157,1
DA:158,1
LF:53
LH:53
BRF:0
BRH:0
end_of_record
TN:
SF:d:\Profiles\hnouts\Documents\PenduJs-Server\src\api\1.0\auth\forgetpassword.ts
FN:6,(anonymous_6)
FNF:1
FNH:1
FNDA:2,(anonymous_6)
DA:3,1
DA:4,1
DA:6,1
DA:7,2
DA:8,2
DA:9,0
DA:13,0
DA:15,2
DA:19,1
LF:9
LH:7
BRF:0
BRH:0
end_of_record
TN:
SF:d:\Profiles\hnouts\Documents\PenduJs-Server\src\api\1.0\auth\getRegister.spec.ts
FN:12,newPendingRegister
FN:42,login
FN:77,(anonymous_10)
FN:86,(anonymous_11)
FN:87,(anonymous_12)
FN:88,(anonymous_13)
FN:88,(anonymous_14)
FN:94,(anonymous_15)
FN:95,(anonymous_16)
FN:101,(anonymous_18)
FN:114,(anonymous_19)
FN:123,(anonymous_21)
FN:129,(anonymous_23)
FNF:13
FNH:13
FNDA:1,newPendingRegister
FNDA:3,login
FNDA:3,(anonymous_10)
FNDA:1,(anonymous_11)
FNDA:1,(anonymous_12)
FNDA:1,(anonymous_13)
FNDA:1,(anonymous_14)
FNDA:1,(anonymous_15)
FNDA:1,(anonymous_16)
FNDA:1,(anonymous_18)
FNDA:1,(anonymous_19)
FNDA:1,(anonymous_21)
FNDA:1,(anonymous_23)
DA:1,1
DA:2,1
DA:3,1
DA:4,1
DA:5,1
DA:6,1
DA:7,1
DA:8,1
DA:9,1
DA:10,1
DA:13,1
DA:14,1
DA:15,1
DA:16,1
DA:17,1
DA:18,1
DA:19,1
DA:20,1
DA:22,1
DA:23,1
DA:44,3
DA:45,3
DA:46,3
DA:47,3
DA:48,3
DA:49,3
DA:50,3
DA:51,3
DA:52,3
DA:53,3
DA:70,3
DA:71,3
DA:78,3
DA:79,3
DA:80,3
DA:81,3
DA:83,3
DA:86,1
DA:87,1
DA:88,1
DA:89,1
DA:90,1
DA:94,1
DA:95,1
DA:96,1
DA:97,1
DA:102,1
DA:103,1
DA:104,1
DA:110,1
DA:114,1
DA:115,1
DA:116,1
DA:117,1
DA:123,1
DA:124,1
DA:125,1
DA:130,1
DA:131,1
DA:132,1
DA:138,1
LF:61
LH:61
BRF:0
BRH:0
end_of_record
TN:
SF:d:\Profiles\hnouts\Documents\PenduJs-Server\src\api\1.0\auth\getRegister.ts
FN:7,(anonymous_6)
FNF:1
FNH:1
FNDA:3,(anonymous_6)
DA:3,1
DA:4,1
DA:5,1
DA:7,1
DA:8,3
DA:9,3
DA:15,2
DA:16,1
DA:22,1
DA:24,2
DA:28,1
LF:11
LH:11
BRF:0
BRH:0
end_of_record
TN:
SF:d:\Profiles\hnouts\Documents\PenduJs-Server\src\api\1.0\auth\login.spec.ts
FN:13,(anonymous_6)
FN:14,(anonymous_7)
FN:15,(anonymous_8)
FN:15,(anonymous_9)
FN:68,(anonymous_10)
FN:69,(anonymous_11)
FN:77,(anonymous_13)
FN:93,(anonymous_14)
FN:100,(anonymous_16)
FN:118,(anonymous_17)
FN:126,(anonymous_19)
FN:139,(anonymous_20)
FN:147,(anonymous_22)
FN:160,(anonymous_23)
FN:168,(anonymous_25)
FN:181,(anonymous_26)
FN:188,(anonymous_28)
FN:206,(anonymous_29)
FN:215,(anonymous_31)
FN:232,(anonymous_32)
FN:240,(anonymous_34)
FN:258,(anonymous_35)
FN:266,(anonymous_37)
FNF:23
FNH:23
FNDA:1,(anonymous_6)
FNDA:1,(anonymous_7)
FNDA:1,(anonymous_8)
FNDA:1,(anonymous_9)
FNDA:1,(anonymous_10)
FNDA:1,(anonymous_11)
FNDA:1,(anonymous_13)
FNDA:1,(anonymous_14)
FNDA:1,(anonymous_16)
FNDA:1,(anonymous_17)
FNDA:1,(anonymous_19)
FNDA:1,(anonymous_20)
FNDA:1,(anonymous_22)
FNDA:1,(anonymous_23)
FNDA:1,(anonymous_25)
FNDA:1,(anonymous_26)
FNDA:1,(anonymous_28)
FNDA:1,(anonymous_29)
FNDA:1,(anonymous_31)
FNDA:1,(anonymous_32)
FNDA:1,(anonymous_34)
FNDA:1,(anonymous_35)
FNDA:1,(anonymous_37)
DA:1,1
DA:2,1
DA:3,1
DA:4,1
DA:5,1
DA:6,1
DA:7,1
DA:8,1
DA:9,1
DA:10,1
DA:11,1
DA:13,1
DA:14,1
DA:15,1
DA:17,1
DA:21,1
DA:22,1
DA:23,1
DA:24,1
DA:25,1
DA:26,1
DA:27,1
DA:28,1
DA:30,1
DA:31,1
DA:65,1
DA:68,1
DA:69,1
DA:70,1
DA:78,1
DA:79,1
DA:80,1
DA:81,1
DA:82,1
DA:83,1
DA:85,1
DA:86,1
DA:87,1
DA:88,1
DA:89,1
DA:93,1
DA:94,1
DA:101,1
DA:102,1
DA:103,1
DA:114,1
DA:118,1
DA:119,1
DA:127,1
DA:128,1
DA:129,1
DA:135,1
DA:139,1
DA:140,1
DA:148,1
DA:149,1
DA:150,1
DA:156,1
DA:160,1
DA:161,1
DA:169,1
DA:170,1
DA:171,1
DA:177,1
DA:181,1
DA:182,1
DA:189,1
DA:190,1
DA:191,1
DA:202,1
DA:206,1
DA:207,1
DA:216,1
DA:217,1
DA:218,1
DA:228,1
DA:232,1
DA:233,1
DA:241,1
DA:242,1
DA:243,1
DA:254,1
DA:258,1
DA:259,1
DA:267,1
DA:268,1
DA:269,1
DA:275,1
LF:88
LH:88
BRF:0
BRH:0
end_of_record
TN:
SF:d:\Profiles\hnouts\Documents\PenduJs-Server\src\api\1.0\auth\login.ts
FN:6,(anonymous_6)
FNF:1
FNH:1
FNDA:23,(anonymous_6)
DA:3,1
DA:4,1
DA:6,1
DA:7,23
DA:8,23
DA:9,19
DA:16,19
DA:18,4
DA:22,1
LF:9
LH:9
BRDA:12,0,0,19
BRDA:12,0,1,0
BRF:2
BRH:1
end_of_record
TN:
SF:d:\Profiles\hnouts\Documents\PenduJs-Server\src\api\1.0\auth\newpassword.spec.ts
FN:14,login
FN:49,(anonymous_8)
FN:59,(anonymous_9)
FN:61,(anonymous_10)
FN:62,(anonymous_11)
FN:62,(anonymous_12)
FN:70,(anonymous_13)
FN:72,(anonymous_14)
FN:82,(anonymous_16)
FN:95,(anonymous_17)
FN:105,(anonymous_19)
FN:118,(anonymous_20)
FN:127,(anonymous_22)
FN:144,(anonymous_23)
FN:155,(anonymous_25)
FN:173,(anonymous_26)
FN:193,(anonymous_28)
FNF:17
FNH:17
FNDA:4,login
FNDA:4,(anonymous_8)
FNDA:1,(anonymous_9)
FNDA:1,(anonymous_10)
FNDA:1,(anonymous_11)
FNDA:1,(anonymous_12)
FNDA:1,(anonymous_13)
FNDA:1,(anonymous_14)
FNDA:1,(anonymous_16)
FNDA:1,(anonymous_17)
FNDA:1,(anonymous_19)
FNDA:1,(anonymous_20)
FNDA:1,(anonymous_22)
FNDA:1,(anonymous_23)
FNDA:1,(anonymous_25)
FNDA:1,(anonymous_26)
FNDA:1,(anonymous_28)
DA:1,1
DA:2,1
DA:3,1
DA:4,1
DA:5,1
DA:7,1
DA:8,1
DA:9,1
DA:10,1
DA:11,1
DA:12,1
DA:16,4
DA:17,4
DA:18,4
DA:19,4
DA:20,4
DA:21,4
DA:22,4
DA:23,4
DA:24,4
DA:25,4
DA:42,4
DA:43,4
DA:50,4
DA:51,4
DA:52,4
DA:53,4
DA:55,4
DA:59,1
DA:61,1
DA:62,1
DA:64,1
DA:66,1
DA:70,1
DA:72,1
DA:73,1
DA:74,1
DA:83,1
DA:89,1
DA:95,1
DA:96,1
DA:97,1
DA:106,1
DA:112,1
DA:118,1
DA:119,1
DA:120,1
DA:128,1
DA:139,1
DA:144,1
DA:145,1
DA:146,1
DA:156,1
DA:166,1
DA:172,1
DA:174,1
DA:184,1
DA:194,1
DA:195,1
DA:196,1
LF:60
LH:60
BRF:0
BRH:0
end_of_record
TN:
SF:d:\Profiles\hnouts\Documents\PenduJs-Server\src\api\1.0\auth\newpassword.ts
FN:6,(anonymous_6)
FNF:1
FNH:1
FNDA:3,(anonymous_6)
DA:3,1
DA:4,1
DA:6,1
DA:7,3
DA:8,3
DA:9,0
DA:13,0
DA:15,3
DA:19,1
LF:9
LH:7
BRF:0
BRH:0
end_of_record
TN:
SF:d:\Profiles\hnouts\Documents\PenduJs-Server\src\api\1.0\auth\register.spec.ts
FN:13,(anonymous_6)
FN:16,(anonymous_7)
FN:17,(anonymous_8)
FN:17,(anonymous_9)
FN:55,(anonymous_10)
FN:56,(anonymous_11)
FN:67,(anonymous_13)
FN:79,(anonymous_14)
FN:90,(anonymous_16)
FN:101,(anonymous_17)
FN:112,(anonymous_19)
FN:123,(anonymous_20)
FN:134,(anonymous_22)
FN:145,(anonymous_23)
FN:157,(anonymous_25)
FN:172,(anonymous_26)
FN:182,(anonymous_28)
FN:198,(anonymous_29)
FN:209,(anonymous_31)
FNF:19
FNH:18
FNDA:1,(anonymous_6)
FNDA:1,(anonymous_7)
FNDA:1,(anonymous_8)
FNDA:1,(anonymous_9)
FNDA:1,(anonymous_10)
FNDA:1,(anonymous_11)
FNDA:1,(anonymous_13)
FNDA:1,(anonymous_14)
FNDA:1,(anonymous_16)
FNDA:1,(anonymous_17)
FNDA:1,(anonymous_19)
FNDA:1,(anonymous_20)
FNDA:0,(anonymous_22)
FNDA:1,(anonymous_23)
FNDA:1,(anonymous_25)
FNDA:1,(anonymous_26)
FNDA:1,(anonymous_28)
FNDA:1,(anonymous_29)
FNDA:1,(anonymous_31)
DA:1,1
DA:2,1
DA:3,1
DA:4,1
DA:6,1
DA:7,1
DA:8,1
DA:9,1
DA:10,1
DA:11,1
DA:13,1
DA:16,1
DA:17,1
DA:19,1
DA:22,1
DA:23,1
DA:24,1
DA:25,1
DA:26,1
DA:27,1
DA:28,1
DA:29,1
DA:31,1
DA:32,1
DA:51,1
DA:55,1
DA:56,1
DA:57,1
DA:68,1
DA:74,1
DA:75,1
DA:79,1
DA:80,1
DA:91,1
DA:97,1
DA:101,1
DA:102,1
DA:113,1
DA:119,1
DA:123,1
DA:124,1
DA:135,0
DA:141,0
DA:145,1
DA:146,1
DA:158,1
DA:168,1
DA:172,1
DA:173,1
DA:183,1
DA:194,1
DA:198,1
DA:199,1
DA:210,1
DA:211,1
DA:212,1
DA:213,1
LF:57
LH:55
BRF:0
BRH:0
end_of_record
TN:
SF:d:\Profiles\hnouts\Documents\PenduJs-Server\src\api\1.0\auth\register.ts
FN:5,(anonymous_6)
FNF:1
FNH:1
FNDA:5,(anonymous_6)
DA:2,1
DA:3,1
DA:5,1
DA:6,5
DA:7,5
DA:8,2
DA:12,2
DA:14,3
DA:18,1
LF:9
LH:9
BRF:0
BRH:0
end_of_record
TN:
SF:d:\Profiles\hnouts\Documents\PenduJs-Server\src\api\1.0\auth\token.spec.ts
FN:14,(anonymous_6)
FN:17,(anonymous_7)
FN:18,(anonymous_8)
FN:18,(anonymous_9)
FN:58,(anonymous_10)
FN:67,(anonymous_11)
FN:69,(anonymous_12)
FN:74,(anonymous_14)
FN:82,(anonymous_15)
FN:98,(anonymous_17)
FN:112,(anonymous_18)
FN:128,(anonymous_20)
FN:143,(anonymous_21)
FN:152,(anonymous_23)
FN:181,(anonymous_24)
FNF:15
FNH:15
FNDA:1,(anonymous_6)
FNDA:1,(anonymous_7)
FNDA:1,(anonymous_8)
FNDA:1,(anonymous_9)
FNDA:1,(anonymous_10)
FNDA:1,(anonymous_11)
FNDA:1,(anonymous_12)
FNDA:1,(anonymous_14)
FNDA:1,(anonymous_15)
FNDA:1,(anonymous_17)
FNDA:1,(anonymous_18)
FNDA:1,(anonymous_20)
FNDA:1,(anonymous_21)
FNDA:1,(anonymous_23)
FNDA:1,(anonymous_24)
DA:1,1
DA:2,1
DA:3,1
DA:4,1
DA:5,1
DA:7,1
DA:8,1
DA:9,1
DA:10,1
DA:11,1
DA:12,1
DA:14,1
DA:17,1
DA:18,1
DA:20,1
DA:23,1
DA:24,1
DA:25,1
DA:26,1
DA:27,1
DA:28,1
DA:29,1
DA:30,1
DA:32,1
DA:33,1
DA:51,1
DA:59,1
DA:63,1
DA:67,1
DA:68,1
DA:70,1
DA:75,1
DA:76,1
DA:77,1
DA:81,1
DA:83,1
DA:93,1
DA:99,1
DA:100,1
DA:101,1
DA:102,1
DA:111,1
DA:113,1
DA:123,1
DA:129,1
DA:130,1
DA:131,1
DA:132,1
DA:142,1
DA:147,1
DA:153,1
DA:154,1
DA:155,1
DA:156,1
DA:157,1
DA:161,1
DA:171,1
DA:172,1
DA:176,1
DA:182,1
DA:183,1
DA:184,1
DA:190,1
DA:200,1
DA:201,1
DA:205,1
DA:213,1
DA:214,1
DA:215,1
LF:69
LH:69
BRF:0
BRH:0
end_of_record
TN:
SF:d:\Profiles\hnouts\Documents\PenduJs-Server\src\api\1.0\auth\token.ts
FN:7,(anonymous_6)
FNF:1
FNH:1
FNDA:3,(anonymous_6)
DA:3,1
DA:4,1
DA:5,1
DA:7,1
DA:8,3
DA:10,3
DA:18,3
DA:21,1
DA:28,1
DA:31,2
DA:35,1
LF:11
LH:11
BRDA:24,0,0,1
BRDA:24,0,1,0
BRF:2
BRH:1
end_of_record
TN:
SF:d:\Profiles\hnouts\Documents\PenduJs-Server\src\api\1.0\auth\verifyToken.ts
FN:6,(anonymous_6)
FNF:1
FNH:0
FNDA:0,(anonymous_6)
DA:3,1
DA:4,1
DA:6,1
DA:7,0
DA:8,0
DA:9,0
DA:15,0
DA:17,0
DA:21,1
LF:9
LH:4
BRF:0
BRH:0
end_of_record
TN:
SF:d:\Profiles\hnouts\Documents\PenduJs-Server\src\api\1.0\auth\deleteRegister\{register}.spec.ts
FN:14,newPendingRegister
FN:54,login
FN:88,(anonymous_10)
FN:97,(anonymous_11)
FN:98,(anonymous_12)
FN:99,(anonymous_13)
FN:99,(anonymous_14)
FN:104,(anonymous_15)
FN:105,(anonymous_16)
FN:112,(anonymous_18)
FN:123,(anonymous_19)
FN:128,(anonymous_21)
FNF:12
FNH:12
FNDA:1,newPendingRegister
FNDA:1,login
FNDA:1,(anonymous_10)
FNDA:1,(anonymous_11)
FNDA:1,(anonymous_12)
FNDA:1,(anonymous_13)
FNDA:1,(anonymous_14)
FNDA:1,(anonymous_15)
FNDA:1,(anonymous_16)
FNDA:1,(anonymous_18)
FNDA:1,(anonymous_19)
FNDA:1,(anonymous_21)
DA:1,1
DA:2,1
DA:3,1
DA:4,1
DA:5,1
DA:6,1
DA:7,1
DA:8,1
DA:9,1
DA:11,1
DA:12,1
DA:15,1
DA:16,1
DA:17,1
DA:18,1
DA:19,1
DA:20,1
DA:21,1
DA:22,1
DA:24,1
DA:25,1
DA:42,1
DA:51,1
DA:55,1
DA:56,1
DA:57,1
DA:58,1
DA:59,1
DA:60,1
DA:61,1
DA:62,1
DA:64,1
DA:65,1
DA:82,1
DA:89,1
DA:90,1
DA:91,1
DA:92,1
DA:93,1
DA:97,1
DA:98,1
DA:99,1
DA:100,1
DA:101,1
DA:104,1
DA:105,1
DA:106,1
DA:107,1
DA:108,1
DA:113,1
DA:114,1
DA:115,1
DA:116,1
DA:117,1
DA:118,1
DA:123,1
DA:124,1
DA:129,1
DA:130,1
DA:132,1
DA:133,1
LF:61
LH:61
BRF:0
BRH:0
end_of_record
TN:
SF:d:\Profiles\hnouts\Documents\PenduJs-Server\src\api\1.0\auth\deleteRegister\{register}.ts
FN:19,(anonymous_6)
FNF:1
FNH:1
FNDA:2,(anonymous_6)
DA:3,1
DA:4,1
DA:5,1
DA:6,1
DA:7,1
DA:9,1
DA:19,1
DA:20,2
DA:21,2
DA:22,2
DA:23,1
DA:24,1
DA:25,1
DA:32,1
DA:34,1
DA:38,1
LF:16
LH:16
BRDA:28,0,0,1
BRDA:28,0,1,0
BRF:2
BRH:1
end_of_record
TN:
SF:d:\Profiles\hnouts\Documents\PenduJs-Server\src\api\1.0\auth\getRegister\{register}.spec.ts
FN:14,newPendingRegister
FN:54,login
FN:88,(anonymous_10)
FN:96,(anonymous_11)
FN:97,(anonymous_12)
FN:98,(anonymous_13)
FN:98,(anonymous_14)
FN:103,(anonymous_15)
FN:104,(anonymous_16)
FN:111,(anonymous_18)
FN:119,(anonymous_19)
FN:124,(anonymous_21)
FNF:12
FNH:12
FNDA:1,newPendingRegister
FNDA:1,login
FNDA:1,(anonymous_10)
FNDA:1,(anonymous_11)
FNDA:1,(anonymous_12)
FNDA:1,(anonymous_13)
FNDA:1,(anonymous_14)
FNDA:1,(anonymous_15)
FNDA:1,(anonymous_16)
FNDA:1,(anonymous_18)
FNDA:1,(anonymous_19)
FNDA:1,(anonymous_21)
DA:1,1
DA:2,1
DA:3,1
DA:4,1
DA:5,1
DA:6,1
DA:7,1
DA:8,1
DA:9,1
DA:11,1
DA:12,1
DA:15,1
DA:16,1
DA:17,1
DA:18,1
DA:19,1
DA:20,1
DA:21,1
DA:22,1
DA:24,1
DA:25,1
DA:42,1
DA:51,1
DA:55,1
DA:56,1
DA:57,1
DA:58,1
DA:59,1
DA:60,1
DA:61,1
DA:62,1
DA:64,1
DA:65,1
DA:82,1
DA:89,1
DA:90,1
DA:91,1
DA:92,1
DA:96,1
DA:97,1
DA:98,1
DA:99,1
DA:100,1
DA:103,1
DA:104,1
DA:105,1
DA:106,1
DA:107,1
DA:112,1
DA:113,1
DA:114,1
DA:115,1
DA:119,1
DA:120,1
DA:125,1
DA:126,1
DA:128,1
DA:129,1
LF:58
LH:58
BRF:0
BRH:0
end_of_record
TN:
SF:d:\Profiles\hnouts\Documents\PenduJs-Server\src\api\1.0\auth\getRegister\{register}.ts
FN:17,(anonymous_6)
FNF:1
FNH:1
FNDA:2,(anonymous_6)
DA:3,1
DA:4,1
DA:5,1
DA:7,1
DA:17,1
DA:18,2
DA:19,2
DA:20,2
DA:21,1
DA:28,1
DA:30,1
DA:34,1
LF:12
LH:12
BRDA:24,0,0,1
BRDA:24,0,1,0
BRF:2
BRH:1
end_of_record
TN:
SF:d:\Profiles\hnouts\Documents\PenduJs-Server\src\api\1.0\auth\token\{token}.spec.ts
FN:13,(anonymous_6)
FN:19,(anonymous_7)
FN:21,(anonymous_8)
FN:21,(anonymous_9)
FN:52,(anonymous_10)
FN:78,(anonymous_11)
FN:89,(anonymous_12)
FN:97,(anonymous_13)
FN:99,(anonymous_14)
FN:104,(anonymous_16)
FN:111,(anonymous_17)
FN:127,(anonymous_19)
FN:142,(anonymous_20)
FN:149,(anonymous_22)
FN:164,(anonymous_23)
FN:170,(anonymous_25)
FN:185,(anonymous_26)
FN:193,(anonymous_28)
FN:234,(anonymous_29)
FN:243,(anonymous_31)
FNF:20
FNH:20
FNDA:1,(anonymous_6)
FNDA:1,(anonymous_7)
FNDA:1,(anonymous_8)
FNDA:1,(anonymous_9)
FNDA:1,(anonymous_10)
FNDA:1,(anonymous_11)
FNDA:1,(anonymous_12)
FNDA:1,(anonymous_13)
FNDA:1,(anonymous_14)
FNDA:1,(anonymous_16)
FNDA:1,(anonymous_17)
FNDA:1,(anonymous_19)
FNDA:1,(anonymous_20)
FNDA:1,(anonymous_22)
FNDA:1,(anonymous_23)
FNDA:1,(anonymous_25)
FNDA:1,(anonymous_26)
FNDA:1,(anonymous_28)
FNDA:1,(anonymous_29)
FNDA:1,(anonymous_31)
DA:1,1
DA:2,1
DA:3,1
DA:4,1
DA:5,1
DA:7,1
DA:8,1
DA:9,1
DA:10,1
DA:11,1
DA:13,1
DA:19,1
DA:21,1
DA:23,1
DA:26,1
DA:27,1
DA:28,1
DA:29,1
DA:30,1
DA:31,1
DA:32,1
DA:33,1
DA:35,1
DA:36,1
DA:53,1
DA:71,1
DA:79,1
DA:82,1
DA:90,1
DA:93,1
DA:97,1
DA:98,1
DA:100,1
DA:105,1
DA:106,1
DA:110,1
DA:112,1
DA:122,1
DA:128,1
DA:129,1
DA:130,1
DA:131,1
DA:141,1
DA:144,1
DA:150,1
DA:151,1
DA:152,1
DA:153,1
DA:154,1
DA:163,1
DA:165,1
DA:171,1
DA:172,1
DA:173,1
DA:174,1
DA:175,1
DA:184,1
DA:188,1
DA:194,1
DA:195,1
DA:196,1
DA:197,1
DA:198,1
DA:204,1
DA:214,1
DA:215,1
DA:219,1
DA:227,1
DA:228,1
DA:229,1
DA:230,1
DA:233,1
DA:238,1
DA:244,1
DA:245,1
DA:246,1
DA:247,1
DA:248,1
DA:254,1
DA:263,1
DA:264,1
DA:268,1
DA:276,1
DA:277,1
DA:278,1
DA:279,1
LF:86
LH:86
BRF:0
BRH:0
end_of_record
TN:
SF:d:\Profiles\hnouts\Documents\PenduJs-Server\src\api\1.0\auth\token\{token}.ts
FN:17,(anonymous_6)
FNF:1
FNH:1
FNDA:6,(anonymous_6)
DA:3,1
DA:4,1
DA:5,1
DA:8,1
DA:17,1
DA:18,6
DA:19,6
DA:27,6
DA:30,3
DA:37,3
DA:40,3
DA:44,1
LF:12
LH:12
BRDA:33,0,0,3
BRDA:33,0,1,0
BRF:2
BRH:1
end_of_record
TN:
SF:d:\Profiles\hnouts\Documents\PenduJs-Server\src\api\1.0\auth\validateRegister\{register}.spec.ts
FN:14,newPendingRegister
FN:54,login
FN:88,(anonymous_10)
FN:96,(anonymous_11)
FN:97,(anonymous_12)
FN:98,(anonymous_13)
FN:98,(anonymous_14)
FN:103,(anonymous_15)
FN:104,(anonymous_16)
FN:111,(anonymous_18)
FN:121,(anonymous_19)
FN:126,(anonymous_21)
FNF:12
FNH:12
FNDA:1,newPendingRegister
FNDA:1,login
FNDA:1,(anonymous_10)
FNDA:1,(anonymous_11)
FNDA:1,(anonymous_12)
FNDA:1,(anonymous_13)
FNDA:1,(anonymous_14)
FNDA:1,(anonymous_15)
FNDA:1,(anonymous_16)
FNDA:1,(anonymous_18)
FNDA:1,(anonymous_19)
FNDA:1,(anonymous_21)
DA:1,1
DA:2,1
DA:3,1
DA:4,1
DA:5,1
DA:6,1
DA:7,1
DA:8,1
DA:9,1
DA:11,1
DA:12,1
DA:15,1
DA:16,1
DA:17,1
DA:18,1
DA:19,1
DA:20,1
DA:21,1
DA:22,1
DA:24,1
DA:25,1
DA:42,1
DA:51,1
DA:55,1
DA:56,1
DA:57,1
DA:58,1
DA:59,1
DA:60,1
DA:61,1
DA:62,1
DA:64,1
DA:65,1
DA:82,1
DA:89,1
DA:90,1
DA:91,1
DA:92,1
DA:96,1
DA:97,1
DA:98,1
DA:99,1
DA:100,1
DA:103,1
DA:104,1
DA:105,1
DA:106,1
DA:107,1
DA:112,1
DA:113,1
DA:114,1
DA:115,1
DA:116,1
DA:117,1
DA:121,1
DA:122,1
DA:127,1
DA:128,1
DA:130,1
DA:131,1
LF:60
LH:60
BRF:0
BRH:0
end_of_record
TN:
SF:d:\Profiles\hnouts\Documents\PenduJs-Server\src\api\1.0\auth\validateRegister\{register}.ts
FN:19,(anonymous_6)
FNF:1
FNH:1
FNDA:2,(anonymous_6)
DA:3,1
DA:4,1
DA:5,1
DA:6,1
DA:7,1
DA:9,1
DA:19,1
DA:20,2
DA:21,2
DA:22,2
DA:23,1
DA:24,1
DA:25,1
DA:32,1
DA:34,1
DA:38,1
LF:16
LH:16
BRDA:28,0,0,1
BRDA:28,0,1,0
BRF:2
BRH:1
end_of_record
TN:
SF:d:\Profiles\hnouts\Documents\PenduJs-Server\src\api\1.0\user\forgotten-password.spec.ts
FN:7,(anonymous_6)
FN:8,(anonymous_7)
FN:9,(anonymous_8)
FN:16,(anonymous_10)
FNF:4
FNH:3
FNDA:1,(anonymous_6)
FNDA:1,(anonymous_7)
FNDA:1,(anonymous_8)
FNDA:0,(anonymous_10)
DA:1,1
DA:2,1
DA:3,1
DA:4,1
DA:5,1
DA:7,1
DA:8,1
DA:9,1
DA:10,1
DA:17,0
DA:18,0
DA:19,0
DA:25,0
LF:13
LH:9
BRF:0
BRH:0
end_of_record
TN:
SF:d:\Profiles\hnouts\Documents\PenduJs-Server\src\api\1.0\user\forgotten-password.ts
FN:21,(anonymous_6)
FNF:1
FNH:0
FNDA:0,(anonymous_6)
DA:2,1
DA:3,1
DA:5,1
DA:21,1
DA:22,0
DA:23,0
DA:24,0
DA:25,0
DA:26,0
DA:33,0
DA:35,0
DA:36,0
DA:40,1
LF:13
LH:5
BRDA:29,0,0,0
BRDA:29,0,1,0
BRF:2
BRH:0
end_of_record
TN:
SF:d:\Profiles\hnouts\Documents\PenduJs-Server\src\api\1.0\user\upload.ts
FN:5,(anonymous_6)
FNF:1
FNH:0
FNDA:0,(anonymous_6)
DA:2,1
DA:3,1
DA:5,1
DA:6,0
DA:8,0
DA:9,0
DA:13,0
DA:15,0
DA:16,0
DA:20,1
LF:10
LH:4
BRF:0
BRH:0
end_of_record
TN:
SF:d:\Profiles\hnouts\Documents\PenduJs-Server\src\api\1.0\user\{id}.spec.ts
FN:15,login
FN:49,(anonymous_8)
FN:58,(anonymous_9)
FN:59,(anonymous_10)
FN:60,(anonymous_11)
FN:60,(anonymous_12)
FN:67,(anonymous_13)
FN:68,(anonymous_14)
FN:74,(anonymous_16)
FN:82,(anonymous_17)
FN:88,(anonymous_19)
FNF:11
FNH:11
FNDA:2,login
FNDA:2,(anonymous_8)
FNDA:1,(anonymous_9)
FNDA:1,(anonymous_10)
FNDA:1,(anonymous_11)
FNDA:1,(anonymous_12)
FNDA:1,(anonymous_13)
FNDA:1,(anonymous_14)
FNDA:1,(anonymous_16)
FNDA:1,(anonymous_17)
FNDA:1,(anonymous_19)
DA:1,1
DA:2,1
DA:3,1
DA:4,1
DA:5,1
DA:6,1
DA:7,1
DA:8,1
DA:9,1
DA:10,1
DA:12,1
DA:13,1
DA:16,2
DA:17,2
DA:18,2
DA:19,2
DA:20,2
DA:21,2
DA:22,2
DA:23,2
DA:25,2
DA:26,2
DA:43,2
DA:50,2
DA:51,2
DA:52,2
DA:53,2
DA:54,2
DA:58,1
DA:59,1
DA:60,1
DA:62,1
DA:64,1
DA:67,1
DA:68,1
DA:69,1
DA:70,1
DA:75,1
DA:76,1
DA:77,1
DA:78,1
DA:82,1
DA:83,1
DA:84,1
DA:89,1
DA:90,1
DA:91,1
DA:92,1
LF:48
LH:48
BRF:0
BRH:0
end_of_record
TN:
SF:d:\Profiles\hnouts\Documents\PenduJs-Server\src\api\1.0\user\{id}.ts
FN:17,(anonymous_6)
FNF:1
FNH:1
FNDA:2,(anonymous_6)
DA:3,1
DA:4,1
DA:5,1
DA:7,1
DA:17,1
DA:18,2
DA:19,2
DA:20,2
DA:21,1
DA:28,1
DA:30,1
DA:34,1
LF:12
LH:12
BRDA:24,0,0,1
BRDA:24,0,1,0
BRF:2
BRH:1
end_of_record
TN:
SF:d:\Profiles\hnouts\Documents\PenduJs-Server\src\helpers\api-doc.helper.ts
FN:8,(anonymous_0)
FN:31,(anonymous_1)
FN:46,(anonymous_2)
FN:56,(anonymous_3)
FN:101,(anonymous_4)
FN:138,(anonymous_5)
FN:141,(anonymous_6)
FN:156,(anonymous_7)
FNF:8
FNH:7
FNDA:6,(anonymous_0)
FNDA:1,(anonymous_1)
FNDA:59,(anonymous_2)
FNDA:87,(anonymous_3)
FNDA:120,(anonymous_4)
FNDA:38,(anonymous_5)
FNDA:98,(anonymous_6)
FNDA:0,(anonymous_7)
DA:1,2
DA:2,2
DA:3,2
DA:6,2
DA:8,2
DA:9,6
DA:10,1
DA:11,1
DA:13,5
DA:14,2
DA:15,2
DA:17,3
DA:18,3
DA:19,1
DA:20,1
DA:22,2
DA:23,2
DA:24,1
DA:25,1
DA:27,1
DA:31,2
DA:32,1
DA:33,0
DA:34,0
DA:35,0
DA:37,0
DA:40,1
DA:41,0
DA:43,1
DA:46,2
DA:47,59
DA:49,59
DA:52,59
DA:55,59
DA:57,87
DA:58,14
DA:60,73
DA:64,59
DA:75,59
DA:76,59
DA:79,59
DA:80,0
DA:81,59
DA:82,0
DA:83,59
DA:84,0
DA:88,59
DA:91,59
DA:94,59
DA:95,0
DA:96,0
DA:99,59
DA:101,59
DA:103,120
DA:104,38
DA:107,38
DA:108,0
DA:110,38
DA:114,38
DA:117,38
DA:118,38
DA:119,38
DA:123,59
DA:124,5
DA:125,5
DA:126,5
DA:128,54
DA:130,5
DA:131,0
DA:133,5
DA:137,2
DA:141,38
DA:144,98
DA:147,93
DA:151,0
DA:152,0
DA:154,93
DA:156,0
DA:157,0
DA:159,0
DA:160,0
DA:162,0
DA:167,93
DA:171,5
DA:174,38
LF:85
LH:66
BRDA:9,0,0,1
BRDA:9,0,1,5
BRDA:13,1,0,2
BRDA:13,1,1,3
BRDA:13,2,0,5
BRDA:13,2,1,4
BRDA:13,2,2,3
BRDA:18,3,0,1
BRDA:18,3,1,2
BRDA:23,4,0,1
BRDA:23,4,1,1
BRDA:32,5,0,0
BRDA:32,5,1,1
BRDA:34,6,0,0
BRDA:34,6,1,0
BRDA:40,7,0,0
BRDA:40,7,1,1
BRDA:40,8,0,1
BRDA:40,8,1,0
BRDA:57,9,0,14
BRDA:57,9,1,73
BRDA:79,10,0,0
BRDA:79,10,1,59
BRDA:81,11,0,0
BRDA:81,11,1,59
BRDA:83,12,0,0
BRDA:83,12,1,59
BRDA:91,13,0,59
BRDA:91,13,1,0
BRDA:94,14,0,0
BRDA:94,14,1,59
BRDA:103,15,0,38
BRDA:103,15,1,82
BRDA:107,16,0,0
BRDA:107,16,1,38
BRDA:107,17,0,38
BRDA:107,17,1,38
BRDA:118,18,0,38
BRDA:118,18,1,0
BRDA:123,19,0,5
BRDA:123,19,1,54
BRDA:130,20,0,0
BRDA:130,20,1,5
BRDA:138,21,0,38
BRDA:144,22,0,93
BRDA:144,22,1,5
BRDA:147,23,0,0
BRDA:147,23,1,93
BRDA:147,24,0,93
BRDA:147,24,1,0
BRDA:151,25,0,0
BRDA:151,25,1,0
BRDA:154,26,0,0
BRDA:154,26,1,93
BRDA:154,27,0,93
BRDA:154,27,1,0
BRDA:154,27,2,0
BRDA:161,28,0,0
BRDA:161,28,1,0
BRDA:171,29,0,0
BRDA:171,29,1,5
BRF:61
BRH:38
end_of_record
TN:
SF:d:\Profiles\hnouts\Documents\PenduJs-Server\src\helpers\auth.helper.ts
FN:14,(anonymous_0)
FN:17,(anonymous_1)
FNF:2
FNH:2
FNDA:1,(anonymous_0)
FNDA:16,(anonymous_1)
DA:6,1
DA:7,1
DA:14,1
DA:16,1
DA:20,16
DA:23,144
DA:26,0
DA:31,16
DA:34,16
DA:36,15
DA:37,15
DA:39,135
DA:44,0
DA:47,15
DA:49,15
DA:50,0
DA:53,15
DA:54,2
DA:55,2
DA:59,15
DA:60,13
DA:61,13
DA:64,15
DA:65,0
DA:69,16
LF:25
LH:21
BRDA:23,0,0,0
BRDA:23,0,1,144
BRDA:23,1,0,144
BRDA:23,1,1,16
BRDA:39,2,0,0
BRDA:39,2,1,135
BRDA:39,3,0,135
BRDA:39,3,1,30
BRDA:39,3,2,30
BRDA:39,3,3,8
BRDA:47,4,0,15
BRDA:47,4,1,0
BRDA:49,5,0,0
BRDA:49,5,1,15
BRDA:49,6,0,15
BRDA:49,6,1,15
BRDA:53,7,0,2
BRDA:53,7,1,13
BRDA:59,8,0,13
BRDA:59,8,1,2
BRDA:64,9,0,0
BRDA:64,9,1,15
BRF:22
BRH:17
end_of_record
TN:
SF:d:\Profiles\hnouts\Documents\PenduJs-Server\src\helpers\files.helper.ts
FN:177,(anonymous_10)
FNF:1
FNH:1
FNDA:1,(anonymous_10)
DA:7,1
DA:8,1
DA:9,1
DA:10,1
DA:11,1
DA:13,1
DA:15,1
DA:26,4
DA:27,1
DA:28,1
DA:30,3
DA:43,0
DA:44,0
DA:46,0
DA:48,0
DA:60,6
DA:66,4
DA:67,4
DA:69,2
DA:70,2
DA:71,2
DA:72,1
DA:74,1
DA:76,1
DA:91,0
DA:92,0
DA:93,0
DA:95,0
DA:100,0
DA:101,0
DA:103,0
DA:104,0
DA:106,0
DA:109,0
DA:111,0
DA:112,0
DA:155,0
DA:156,0
DA:157,0
DA:159,0
DA:160,0
DA:163,0
DA:164,0
DA:165,0
DA:169,0
DA:177,1
DA:178,1
DA:179,1
DA:180,1
DA:181,1
DA:182,1
DA:184,1
DA:185,1
DA:187,0
DA:188,0
DA:200,2
DA:201,2
DA:202,2
DA:204,2
DA:205,2
DA:207,2
DA:210,0
DA:211,0
DA:213,0
DA:214,0
DA:216,0
DA:217,0
DA:221,0
DA:222,0
DA:225,2
DA:227,2
DA:229,2
DA:231,0
DA:232,0
DA:236,2
LF:75
LH:38
BRDA:26,0,0,1
BRDA:26,0,1,3
BRDA:26,1,0,4
BRDA:26,1,1,3
BRDA:43,2,0,0
BRDA:43,2,1,0
BRDA:60,3,0,4
BRDA:60,3,1,2
BRDA:60,4,0,6
BRDA:60,4,1,5
BRDA:60,4,2,5
BRDA:60,4,3,4
BRDA:60,4,4,4
BRDA:60,4,5,3
BRDA:71,5,0,1
BRDA:71,5,1,1
BRDA:90,6,0,0
BRDA:156,7,0,0
BRDA:156,7,1,0
BRDA:156,8,0,0
BRDA:156,8,1,0
BRDA:156,8,2,0
BRDA:156,8,3,0
BRDA:159,9,0,0
BRDA:159,9,1,0
BRDA:159,10,0,0
BRDA:159,10,1,0
BRDA:164,11,0,0
BRDA:164,11,1,0
BRDA:211,12,0,0
BRDA:211,12,1,0
BRF:31
BRH:14
end_of_record
TN:
SF:d:\Profiles\hnouts\Documents\PenduJs-Server\src\helpers\glob.helper.ts
FN:8,glob
FN:9,(anonymous_8)
FN:10,(anonymous_9)
FNF:3
FNH:3
FNDA:1,glob
FNDA:1,(anonymous_8)
FNDA:1,(anonymous_9)
DA:6,1
DA:8,1
DA:9,1
DA:10,1
LF:4
LH:4
BRDA:10,0,0,0
BRDA:10,0,1,1
BRF:2
BRH:1
end_of_record
TN:
SF:d:\Profiles\hnouts\Documents\PenduJs-Server\src\helpers\jwt.helper.ts
FNF:0
FNH:0
DA:1,1
DA:2,1
DA:4,1
DA:8,1
DA:27,1
LF:5
LH:5
BRF:0
BRH:0
end_of_record
TN:
SF:d:\Profiles\hnouts\Documents\PenduJs-Server\src\helpers\logger.helper.ts
FN:10,(anonymous_0)
FN:16,(anonymous_1)
FN:26,(anonymous_2)
FNF:3
FNH:3
FNDA:111,(anonymous_0)
FNDA:111,(anonymous_1)
FNDA:31,(anonymous_2)
DA:1,1
DA:2,1
DA:3,1
DA:5,1
DA:7,1
DA:10,111
DA:16,111
DA:26,1
DA:27,31
DA:28,31
DA:29,148
DA:30,148
DA:31,0
DA:32,148
DA:33,0
DA:35,148
DA:38,31
LF:17
LH:15
BRDA:29,0,0,148
BRDA:29,0,1,0
BRDA:29,1,0,148
BRDA:29,1,1,148
BRDA:30,2,0,0
BRDA:30,2,1,148
BRDA:32,3,0,0
BRDA:32,3,1,148
BRF:8
BRH:5
end_of_record
TN:
SF:d:\Profiles\hnouts\Documents\PenduJs-Server\src\helpers\misc.helper.ts
FN:13,(anonymous_0)
FN:17,(anonymous_1)
FNF:2
FNH:2
FNDA:419,(anonymous_0)
FNDA:317,(anonymous_1)
DA:1,1
DA:5,26
DA:6,26
DA:8,3
DA:12,23
DA:13,419
DA:16,23
DA:17,317
DA:22,27
DA:23,6
DA:25,21
DA:26,5
DA:28,16
LF:13
LH:13
BRDA:6,0,0,3
BRDA:6,0,1,23
BRDA:6,1,0,26
BRDA:6,1,1,26
BRDA:6,1,2,25
BRDA:22,2,0,6
BRDA:22,2,1,21
BRDA:22,3,0,27
BRDA:22,3,1,23
BRDA:25,4,0,5
BRDA:25,4,1,16
BRF:11
BRH:11
end_of_record
TN:
SF:d:\Profiles\hnouts\Documents\PenduJs-Server\src\helpers\mongo.helper.ts
FN:58,(anonymous_6)
FN:73,(anonymous_8)
FN:89,(anonymous_10)
FN:109,(anonymous_12)
FN:128,(anonymous_14)
FN:131,(anonymous_16)
FN:151,(anonymous_17)
FN:154,(anonymous_19)
FN:166,(anonymous_20)
FN:192,(anonymous_21)
FN:214,(anonymous_23)
FN:239,(anonymous_25)
FN:269,(anonymous_27)
FN:290,(anonymous_29)
FN:342,(anonymous_31)
FN:366,(anonymous_33)
FN:396,(anonymous_35)
FN:418,(anonymous_37)
FN:497,(anonymous_39)
FN:521,(anonymous_41)
FN:550,(anonymous_43)
FN:571,(anonymous_45)
FN:593,(anonymous_47)
FN:618,(anonymous_49)
FN:636,(anonymous_51)
FN:647,(anonymous_53)
FN:691,(anonymous_54)
FN:691,(anonymous_55)
FN:706,(anonymous_56)
FN:721,(anonymous_58)
FN:755,(anonymous_59)
FN:776,(anonymous_60)
FNF:32
FNH:12
FNDA:0,(anonymous_6)
FNDA:0,(anonymous_8)
FNDA:0,(anonymous_10)
FNDA:25,(anonymous_12)
FNDA:1,(anonymous_14)
FNDA:2,(anonymous_16)
FNDA:0,(anonymous_17)
FNDA:0,(anonymous_19)
FNDA:0,(anonymous_20)
FNDA:0,(anonymous_21)
FNDA:24,(anonymous_23)
FNDA:6,(anonymous_25)
FNDA:47,(anonymous_27)
FNDA:15,(anonymous_29)
FNDA:3,(anonymous_31)
FNDA:3,(anonymous_33)
FNDA:0,(anonymous_35)
FNDA:5,(anonymous_37)
FNDA:0,(anonymous_39)
FNDA:2,(anonymous_41)
FNDA:0,(anonymous_43)
FNDA:1,(anonymous_45)
FNDA:0,(anonymous_47)
FNDA:0,(anonymous_49)
FNDA:0,(anonymous_51)
FNDA:0,(anonymous_53)
FNDA:0,(anonymous_54)
FNDA:0,(anonymous_55)
FNDA:0,(anonymous_56)
FNDA:0,(anonymous_58)
FNDA:0,(anonymous_59)
FNDA:0,(anonymous_60)
DA:8,1
DA:9,1
DA:10,1
DA:46,1
DA:59,0
DA:60,0
DA:62,0
DA:74,0
DA:75,0
DA:77,0
DA:90,0
DA:91,0
DA:93,0
DA:110,25
DA:111,25
DA:112,25
DA:113,25
DA:115,0
DA:129,1
DA:130,1
DA:131,1
DA:132,2
DA:133,2
DA:134,2
DA:136,1
DA:138,0
DA:152,0
DA:153,0
DA:154,0
DA:155,0
DA:156,0
DA:157,0
DA:160,0
DA:162,0
DA:164,0
DA:166,0
DA:167,0
DA:168,0
DA:171,0
DA:172,0
DA:173,0
DA:175,0
DA:196,0
DA:197,0
DA:198,0
DA:200,0
DA:218,24
DA:219,24
DA:220,0
DA:222,24
DA:223,24
DA:225,0
DA:240,6
DA:241,2
DA:243,6
DA:244,6
DA:246,2
DA:247,2
DA:249,4
DA:250,4
DA:252,0
DA:270,47
DA:271,47
DA:275,47
DA:276,47
DA:278,0
DA:295,15
DA:296,15
DA:300,15
DA:301,15
DA:303,15
DA:304,1
DA:306,14
DA:308,15
DA:309,15
DA:310,15
DA:311,0
DA:322,15
DA:328,0
DA:343,3
DA:345,3
DA:346,3
DA:348,0
DA:349,0
DA:351,0
DA:370,3
DA:372,3
DA:373,3
DA:375,0
DA:376,0
DA:378,0
DA:397,0
DA:398,0
DA:400,0
DA:424,5
DA:425,5
DA:426,5
DA:428,1
DA:429,1
DA:431,4
DA:433,4
DA:434,12
DA:435,12
DA:438,12
DA:440,24
DA:441,2
DA:442,2
DA:444,22
DA:447,10
DA:449,10
DA:454,10
DA:462,2
DA:463,0
DA:464,0
DA:477,2
DA:478,2
DA:480,1
DA:498,0
DA:499,0
DA:503,0
DA:504,0
DA:507,0
DA:522,2
DA:523,2
DA:527,2
DA:529,2
DA:530,2
DA:532,0
DA:533,0
DA:536,0
DA:555,0
DA:572,1
DA:573,1
DA:574,0
DA:577,1
DA:580,0
DA:594,0
DA:595,0
DA:596,0
DA:602,0
DA:605,0
DA:619,0
DA:620,0
DA:623,0
DA:643,0
DA:644,0
DA:646,0
DA:647,0
DA:648,0
DA:653,0
DA:656,0
DA:688,0
DA:691,0
DA:693,0
DA:713,0
DA:714,0
DA:715,0
DA:716,0
DA:721,0
DA:722,0
DA:727,0
DA:730,0
DA:731,0
DA:735,0
DA:752,0
DA:754,0
DA:755,0
DA:756,0
DA:760,0
DA:762,0
DA:765,0
DA:770,0
DA:774,0
DA:776,0
DA:778,0
LF:175
LH:77
BRDA:58,0,0,0
BRDA:89,1,0,0
BRDA:109,2,0,25
BRDA:128,3,0,1
BRDA:151,4,0,0
BRDA:193,5,0,0
BRDA:194,6,0,0
BRDA:195,7,0,0
BRDA:215,8,0,0
BRDA:216,9,0,0
BRDA:217,10,0,24
BRDA:219,11,0,0
BRDA:219,11,1,24
BRDA:239,12,0,1
BRDA:239,13,0,6
BRDA:240,14,0,2
BRDA:240,14,1,4
BRDA:244,15,0,2
BRDA:244,15,1,4
BRDA:244,16,0,6
BRDA:244,16,1,5
BRDA:244,16,2,5
BRDA:269,17,0,0
BRDA:269,18,0,10
BRDA:270,19,0,47
BRDA:270,19,1,0
BRDA:290,20,0,0
BRDA:290,21,0,14
BRDA:295,22,0,15
BRDA:295,22,1,0
BRDA:301,23,0,0
BRDA:301,23,1,15
BRDA:303,24,0,1
BRDA:303,24,1,14
BRDA:306,25,0,0
BRDA:306,25,1,14
BRDA:310,26,0,0
BRDA:310,26,1,15
BRDA:311,27,0,0
BRDA:311,27,1,0
BRDA:342,28,0,3
BRDA:343,29,0,3
BRDA:343,29,1,0
BRDA:343,30,0,3
BRDA:343,30,1,1
BRDA:343,30,2,0
BRDA:343,30,3,0
BRDA:369,31,0,3
BRDA:370,32,0,3
BRDA:370,32,1,0
BRDA:370,33,0,3
BRDA:370,33,1,1
BRDA:370,33,2,0
BRDA:370,33,3,0
BRDA:396,34,0,0
BRDA:421,35,0,0
BRDA:422,36,0,0
BRDA:423,37,0,5
BRDA:426,38,0,1
BRDA:426,38,1,4
BRDA:426,39,0,5
BRDA:426,39,1,5
BRDA:426,39,2,5
BRDA:440,40,0,2
BRDA:440,40,1,22
BRDA:440,41,0,24
BRDA:440,41,1,23
BRDA:462,42,0,0
BRDA:462,42,1,2
BRDA:497,43,0,0
BRDA:497,44,0,0
BRDA:498,45,0,0
BRDA:498,45,1,0
BRDA:521,46,0,2
BRDA:521,47,0,2
BRDA:522,48,0,2
BRDA:522,48,1,0
BRDA:527,49,0,2
BRDA:527,49,1,0
BRDA:527,50,0,2
BRDA:527,50,1,0
BRDA:527,50,2,0
BRDA:550,51,0,0
BRDA:550,52,0,0
BRDA:571,53,0,0
BRDA:571,54,0,0
BRDA:571,55,0,0
BRDA:573,56,0,0
BRDA:573,56,1,1
BRDA:593,57,0,0
BRDA:593,58,0,0
BRDA:595,59,0,0
BRDA:595,59,1,0
BRDA:618,60,0,0
BRDA:646,61,0,0
BRDA:646,61,1,0
BRDA:646,62,0,0
BRDA:646,62,1,0
BRDA:675,63,0,0
BRDA:675,63,1,0
BRDA:675,64,0,0
BRDA:675,64,1,0
BRDA:680,65,0,0
BRDA:680,65,1,0
BRDA:684,66,0,0
BRDA:684,66,1,0
BRDA:730,67,0,0
BRDA:730,67,1,0
BRDA:738,68,0,0
BRDA:738,68,1,0
BRDA:738,69,0,0
BRDA:738,69,1,0
BRDA:743,70,0,0
BRDA:743,70,1,0
BRDA:747,71,0,0
BRDA:747,71,1,0
BRDA:754,72,0,0
BRDA:754,72,1,0
BRDA:754,73,0,0
BRDA:754,73,1,0
BRF:120
BRH:47
end_of_record
TN:
SF:d:\Profiles\hnouts\Documents\PenduJs-Server\src\helpers\permissions.helper.ts
FN:4,(anonymous_0)
FN:13,(anonymous_1)
FN:13,(anonymous_2)
FN:29,checkPermissionLevel
FN:40,(anonymous_4)
FNF:5
FNH:5
FNDA:2,(anonymous_0)
FNDA:20,(anonymous_1)
FNDA:20,(anonymous_2)
FNDA:29,checkPermissionLevel
FNDA:28,(anonymous_4)
DA:1,2
DA:2,2
DA:4,2
DA:5,2
DA:6,2
DA:7,2
DA:8,2
DA:9,2
DA:13,20
DA:15,2
DA:29,2
DA:31,29
DA:36,3
DA:37,3
DA:39,26
DA:40,26
DA:41,28
DA:42,4
DA:43,4
LF:19
LH:19
BRDA:4,0,0,2
BRDA:4,0,1,2
BRDA:31,1,0,3
BRDA:31,1,1,26
BRDA:31,2,0,29
BRDA:31,2,1,28
BRDA:31,2,2,28
BRDA:31,2,3,26
BRDA:31,2,4,26
BRDA:41,3,0,4
BRDA:41,3,1,24
BRF:11
BRH:11
end_of_record
TN:
SF:d:\Profiles\hnouts\Documents\PenduJs-Server\src\helpers\init\https.helper.ts
FN:41,initHttp
FN:42,(anonymous_1)
FNF:2
FNH:2
FNDA:1,initHttp
FNDA:1,(anonymous_1)
DA:7,1
DA:9,1
DA:10,1
DA:41,1
DA:42,1
DA:43,1
DA:44,1
DA:45,1
DA:46,1
DA:47,1
DA:48,1
DA:50,0
LF:12
LH:11
BRF:0
BRH:0
end_of_record
TN:
SF:d:\Profiles\hnouts\Documents\PenduJs-Server\src\helpers\init\mongo-init.helper.ts
FN:10,mongoInit
FN:12,(anonymous_1)
FNF:2
FNH:2
FNDA:2,mongoInit
FNDA:2,(anonymous_1)
DA:1,1
DA:3,1
DA:4,1
DA:6,1
DA:8,1
DA:10,1
DA:11,2
DA:13,2
DA:14,2
LF:9
LH:9
BRF:0
BRH:0
end_of_record
TN:
SF:d:\Profiles\hnouts\Documents\PenduJs-Server\src\helpers\init\openapi-setup.helper.ts
FN:12,init
FN:16,(anonymous_8)
FN:17,(anonymous_9)
FN:18,(anonymous_10)
FNF:4
FNH:4
FNDA:1,init
FNDA:30,(anonymous_8)
FNDA:16,(anonymous_9)
FNDA:16,(anonymous_10)
DA:1,1
DA:2,1
DA:3,1
DA:5,1
DA:6,1
DA:7,1
DA:8,1
DA:10,1
DA:12,1
DA:13,1
DA:14,1
DA:15,1
DA:16,30
DA:17,16
DA:18,16
DA:23,1
DA:25,1
DA:30,1
DA:31,1
DA:33,1
LF:20
LH:20
BRF:0
BRH:0
end_of_record
TN:
SF:d:\Profiles\hnouts\Documents\PenduJs-Server\src\models\error.ts
FN:12,(anonymous_0)
FNF:1
FNH:1
FNDA:37,(anonymous_0)
DA:3,1
DA:5,1
DA:12,1
DA:13,37
DA:14,3
DA:16,37
DA:17,37
LF:7
LH:7
BRDA:13,0,0,3
BRDA:13,0,1,34
BRDA:13,1,0,37
BRDA:13,1,1,37
BRDA:16,2,0,37
BRDA:16,2,1,7
BRDA:16,2,2,1
BRF:7
BRH:7
end_of_record
TN:
SF:d:\Profiles\hnouts\Documents\PenduJs-Server\src\models\errors\EmailError.ts
FN:5,(anonymous_0)
FNF:1
FNH:0
FNDA:0,(anonymous_0)
DA:1,1
DA:2,1
DA:4,1
DA:6,0
LF:4
LH:3
BRF:0
BRH:0
end_of_record
TN:
SF:d:\Profiles\hnouts\Documents\PenduJs-Server\src\models\errors\InvalidFileError.ts
FN:5,(anonymous_0)
FNF:1
FNH:1
FNDA:5,(anonymous_0)
DA:1,1
DA:2,1
DA:4,1
DA:6,5
LF:4
LH:4
BRDA:9,0,0,0
BRDA:9,0,1,5
BRF:2
BRH:1
end_of_record
TN:
SF:d:\Profiles\hnouts\Documents\PenduJs-Server\src\models\errors\InvalidParametersError.ts
FN:5,(anonymous_0)
FNF:1
FNH:0
FNDA:0,(anonymous_0)
DA:1,1
DA:2,1
DA:4,1
DA:6,0
LF:4
LH:3
BRF:0
BRH:0
end_of_record
TN:
SF:d:\Profiles\hnouts\Documents\PenduJs-Server\src\models\errors\JwtValidationError.ts
FN:5,(anonymous_0)
FNF:1
FNH:1
FNDA:3,(anonymous_0)
DA:1,1
DA:2,1
DA:4,1
DA:6,3
LF:4
LH:4
BRF:0
BRH:0
end_of_record
TN:
SF:d:\Profiles\hnouts\Documents\PenduJs-Server\src\models\errors\MissingFileError.ts
FN:5,(anonymous_0)
FNF:1
FNH:1
FNDA:1,(anonymous_0)
DA:1,1
DA:2,1
DA:4,1
DA:6,1
LF:4
LH:4
BRF:0
BRH:0
end_of_record
TN:
SF:d:\Profiles\hnouts\Documents\PenduJs-Server\src\models\errors\MongoError.ts
FN:5,(anonymous_0)
FNF:1
FNH:1
FNDA:17,(anonymous_0)
DA:1,1
DA:2,1
DA:4,1
DA:6,17
LF:4
LH:4
BRF:0
BRH:0
end_of_record
TN:
SF:d:\Profiles\hnouts\Documents\PenduJs-Server\src\models\errors\NotFoundError.ts
FN:5,(anonymous_0)
FNF:1
FNH:1
FNDA:5,(anonymous_0)
DA:1,1
DA:2,1
DA:4,1
DA:6,5
LF:4
LH:4
BRF:0
BRH:0
end_of_record
TN:
SF:d:\Profiles\hnouts\Documents\PenduJs-Server\src\models\errors\OpenApiValidationError.ts
FN:5,(anonymous_0)
FNF:1
FNH:1
FNDA:10,(anonymous_0)
DA:1,1
DA:2,1
DA:4,1
DA:6,10
LF:4
LH:4
BRF:0
BRH:0
end_of_record
TN:
SF:d:\Profiles\hnouts\Documents\PenduJs-Server\src\models\errors\TokenCreationError.ts
FN:5,(anonymous_0)
FNF:1
FNH:1
FNDA:1,(anonymous_0)
DA:1,1
DA:2,1
DA:4,1
DA:6,1
LF:4
LH:4
BRF:0
BRH:0
end_of_record
TN:
SF:d:\Profiles\hnouts\Documents\PenduJs-Server\src\models\errors\WrongCredentialError.ts
FN:5,(anonymous_0)
FNF:1
FNH:1
FNDA:25,(anonymous_0)
DA:1,1
DA:2,1
DA:4,1
DA:6,25
LF:4
LH:4
BRF:0
BRH:0
end_of_record
TN:
SF:d:\Profiles\hnouts\Documents\PenduJs-Server\src\models\errors\WrongPermissionError.ts
FN:5,(anonymous_0)
FNF:1
FNH:1
FNDA:4,(anonymous_0)
DA:1,1
DA:2,1
DA:4,1
DA:6,4
LF:4
LH:4
BRF:0
BRH:0
end_of_record
TN:
SF:d:\Profiles\hnouts\Documents\PenduJs-Server\src\services\1.x\auth.service.ts
FN:369,(anonymous_15)
FNF:1
FNH:1
FNDA:1,(anonymous_15)
DA:6,2
DA:7,2
DA:8,2
DA:9,2
DA:10,2
DA:11,2
DA:12,2
DA:13,2
DA:14,2
DA:15,2
DA:16,2
DA:17,2
DA:19,2
DA:22,2
DA:27,23
DA:28,0
DA:29,0
DA:33,23
DA:34,23
DA:35,0
DA:36,0
DA:39,23
DA:53,23
DA:54,2
DA:55,2
DA:58,21
DA:59,1
DA:60,1
DA:64,20
DA:69,0
DA:70,0
DA:74,20
DA:75,20
DA:76,20
DA:78,20
DA:88,20
DA:90,20
DA:91,1
DA:92,1
DA:94,19
DA:96,19
DA:102,19
DA:106,0
DA:107,0
DA:108,0
DA:110,0
DA:111,0
DA:112,0
DA:113,0
DA:115,0
DA:128,0
DA:129,0
DA:130,0
DA:132,0
DA:133,0
DA:134,0
DA:137,0
DA:138,0
DA:146,3
DA:147,0
DA:148,0
DA:151,3
DA:152,3
DA:153,0
DA:154,0
DA:156,3
DA:159,3
DA:165,3
DA:166,1
DA:167,1
DA:172,2
DA:173,1
DA:174,1
DA:179,1
DA:180,0
DA:181,0
DA:182,0
DA:183,0
DA:184,0
DA:185,0
DA:186,0
DA:187,0
DA:190,0
DA:206,0
DA:212,0
DA:215,1
DA:216,1
DA:224,2
DA:225,0
DA:226,0
DA:231,2
DA:233,1
DA:234,0
DA:235,0
DA:238,1
DA:241,1
DA:247,1
DA:248,1
DA:249,1
DA:253,0
DA:265,0
DA:271,22
DA:272,1
DA:273,1
DA:275,21
DA:286,21
DA:294,0
DA:295,0
DA:296,0
DA:298,0
DA:308,0
DA:321,20
DA:322,20
DA:323,20
DA:324,20
DA:325,20
DA:326,20
DA:327,20
DA:328,20
DA:329,20
DA:337,0
DA:342,0
DA:343,0
DA:345,0
DA:346,0
DA:351,2
DA:355,2
DA:359,2
DA:362,2
DA:363,2
DA:364,1
DA:365,1
DA:369,1
DA:370,1
DA:371,1
DA:372,1
DA:373,1
DA:374,1
DA:375,1
DA:377,1
DA:382,2
DA:383,2
DA:384,2
DA:400,2
DA:401,1
DA:402,1
DA:404,1
DA:406,1
DA:407,0
DA:409,1
DA:415,2
DA:416,2
DA:417,2
DA:431,2
DA:432,2
DA:433,1
DA:434,1
DA:436,1
DA:438,1
DA:439,0
DA:441,1
DA:447,1
DA:448,1
DA:449,1
DA:460,1
DA:461,1
DA:462,0
DA:463,0
DA:465,1
DA:467,0
DA:468,0
DA:470,0
DA:475,0
DA:476,0
DA:478,0
DA:481,0
LF:176
LH:112
BRDA:27,0,0,0
BRDA:27,0,1,23
BRDA:34,1,0,0
BRDA:34,1,1,23
BRDA:53,2,0,2
BRDA:53,2,1,21
BRDA:53,3,0,23
BRDA:53,3,1,21
BRDA:53,3,2,21
BRDA:58,4,0,1
BRDA:58,4,1,20
BRDA:64,5,0,0
BRDA:64,5,1,20
BRDA:64,6,0,20
BRDA:64,6,1,20
BRDA:64,6,2,20
BRDA:64,6,3,20
BRDA:64,6,4,20
BRDA:90,7,0,1
BRDA:90,7,1,19
BRDA:106,8,0,0
BRDA:106,8,1,0
BRDA:111,9,0,0
BRDA:111,9,1,0
BRDA:128,10,0,0
BRDA:128,10,1,0
BRDA:132,11,0,0
BRDA:132,11,1,0
BRDA:146,12,0,0
BRDA:146,12,1,3
BRDA:146,13,0,3
BRDA:146,13,1,3
BRDA:146,13,2,3
BRDA:152,14,0,0
BRDA:152,14,1,3
BRDA:165,15,0,1
BRDA:165,15,1,2
BRDA:165,16,0,3
BRDA:165,16,1,3
BRDA:172,17,0,1
BRDA:172,17,1,1
BRDA:179,18,0,0
BRDA:179,18,1,1
BRDA:224,19,0,0
BRDA:224,19,1,2
BRDA:233,20,0,0
BRDA:233,20,1,1
BRDA:247,21,0,1
BRDA:247,21,1,0
BRDA:271,22,0,1
BRDA:271,22,1,21
BRDA:271,23,0,22
BRDA:271,23,1,21
BRDA:294,24,0,0
BRDA:294,24,1,0
BRDA:294,25,0,0
BRDA:294,25,1,0
BRDA:322,26,0,20
BRDA:322,26,1,0
BRDA:323,27,0,20
BRDA:323,27,1,0
BRDA:324,28,0,20
BRDA:324,28,1,0
BRDA:325,29,0,20
BRDA:325,29,1,0
BRDA:363,30,0,1
BRDA:363,30,1,1
BRDA:400,31,0,1
BRDA:400,31,1,1
BRDA:406,32,0,0
BRDA:406,32,1,1
BRDA:432,33,0,1
BRDA:432,33,1,1
BRDA:438,34,0,0
BRDA:438,34,1,1
BRDA:461,35,0,0
BRDA:461,35,1,1
BRDA:467,36,0,0
BRDA:467,36,1,0
BRF:79
BRH:49
end_of_record
TN:
SF:d:\Profiles\hnouts\Documents\PenduJs-Server\src\services\1.x\mail.service.ts
FN:35,(anonymous_7)
FN:35,(anonymous_8)
FN:68,(anonymous_10)
FN:68,(anonymous_11)
FN:90,(anonymous_13)
FN:90,(anonymous_14)
FN:111,(anonymous_16)
FN:111,(anonymous_17)
FNF:8
FNH:6
FNDA:0,(anonymous_7)
FNDA:0,(anonymous_8)
FNDA:2,(anonymous_10)
FNDA:2,(anonymous_11)
FNDA:1,(anonymous_13)
FNDA:1,(anonymous_14)
FNDA:1,(anonymous_16)
FNDA:1,(anonymous_17)
DA:1,1
DA:2,1
DA:3,1
DA:4,1
DA:5,1
DA:6,1
DA:9,1
DA:11,1
DA:19,1
DA:22,0
DA:23,0
DA:24,0
DA:28,0
DA:35,0
DA:36,0
DA:37,0
DA:39,0
DA:43,2
DA:44,2
DA:47,2
DA:48,2
DA:50,2
DA:51,2
DA:52,0
DA:53,0
DA:54,0
DA:56,2
DA:57,2
DA:61,2
DA:68,2
DA:69,2
DA:70,0
DA:72,2
DA:77,1
DA:78,0
DA:79,0
DA:84,1
DA:90,1
DA:91,1
DA:92,0
DA:94,1
DA:99,1
DA:100,0
DA:101,0
DA:105,1
DA:111,1
DA:112,1
DA:113,0
DA:115,1
LF:49
LH:31
BRDA:22,0,0,0
BRDA:22,0,1,0
BRDA:36,1,0,0
BRDA:36,1,1,0
BRDA:51,2,0,0
BRDA:51,2,1,2
BRDA:69,3,0,0
BRDA:69,3,1,2
BRDA:77,4,0,0
BRDA:77,4,1,1
BRDA:77,5,0,1
BRDA:77,5,1,1
BRDA:91,6,0,0
BRDA:91,6,1,1
BRDA:99,7,0,0
BRDA:99,7,1,1
BRDA:112,8,0,0
BRDA:112,8,1,1
BRF:18
BRH:8
end_of_record
TN:
SF:d:\Profiles\hnouts\Documents\PenduJs-Server\src\services\1.x\user.service.ts
FN:166,(anonymous_9)
FN:371,(anonymous_14)
FNF:2
FNH:1
FNDA:5,(anonymous_9)
FNDA:0,(anonymous_14)
DA:1,2
DA:2,2
DA:3,2
DA:4,2
DA:5,2
DA:6,2
DA:7,2
DA:8,2
DA:9,2
DA:10,2
DA:11,2
DA:12,2
DA:13,2
DA:14,2
DA:15,2
DA:19,2
DA:22,2
DA:34,5
DA:35,0
DA:36,0
DA:39,5
DA:40,5
DA:41,0
DA:42,0
DA:45,5
DA:46,1
DA:47,1
DA:50,4
DA:53,4
DA:58,4
DA:59,1
DA:62,4
DA:63,1
DA:64,1
DA:67,3
DA:68,3
DA:71,2
DA:72,2
DA:73,2
DA:74,2
DA:75,2
DA:76,2
DA:77,2
DA:78,2
DA:85,2
DA:105,2
DA:109,2
DA:111,1
DA:112,1
DA:117,2
DA:124,2
DA:128,2
DA:129,2
DA:142,5
DA:143,5
DA:144,1
DA:146,5
DA:147,1
DA:149,5
DA:150,1
DA:152,5
DA:154,5
DA:156,5
DA:162,5
DA:164,5
DA:165,4
DA:166,4
DA:167,5
DA:168,0
DA:170,5
DA:172,5
DA:173,5
DA:174,5
DA:176,5
DA:177,5
DA:179,0
DA:180,0
DA:183,5
DA:184,5
DA:187,4
DA:191,9
DA:192,9
DA:193,9
DA:207,7
DA:208,2
DA:209,2
DA:212,5
DA:213,5
DA:214,0
DA:216,5
DA:217,5
DA:218,5
DA:220,5
DA:221,5
DA:223,0
DA:224,0
DA:227,5
DA:228,5
DA:230,4
DA:231,1
DA:233,3
DA:238,0
DA:239,0
DA:240,0
DA:253,0
DA:254,0
DA:255,0
DA:259,0
DA:261,0
DA:262,0
DA:264,0
DA:269,0
DA:270,0
DA:271,0
DA:274,0
DA:275,0
DA:276,0
DA:278,0
DA:280,0
DA:281,0
DA:283,0
DA:344,0
DA:345,0
DA:346,0
DA:347,0
DA:349,0
DA:351,0
DA:352,0
DA:353,0
DA:355,0
DA:356,0
DA:357,0
DA:358,0
DA:359,0
DA:360,0
DA:361,0
DA:362,0
DA:363,0
DA:364,0
DA:365,0
DA:366,0
DA:367,0
DA:368,0
DA:369,0
DA:371,0
DA:372,0
DA:374,0
DA:382,0
DA:383,0
DA:387,0
DA:388,0
DA:390,0
DA:396,12
DA:397,6
DA:398,6
DA:403,6
DA:408,6
DA:409,6
DA:410,2
DA:411,2
DA:416,4
DA:422,4
DA:430,6
DA:435,6
DA:436,6
DA:437,3
DA:438,3
DA:442,3
DA:443,1
DA:447,2
DA:455,0
DA:456,0
DA:465,0
DA:466,0
DA:467,0
DA:469,0
DA:470,0
DA:472,0
DA:473,0
DA:475,0
DA:480,0
DA:481,0
DA:483,0
DA:485,0
DA:486,0
DA:489,0
DA:490,0
DA:492,0
LF:188
LH:109
BRDA:34,0,0,0
BRDA:34,0,1,5
BRDA:40,1,0,0
BRDA:40,1,1,5
BRDA:45,2,0,1
BRDA:45,2,1,4
BRDA:45,3,0,5
BRDA:45,3,1,5
BRDA:58,4,0,1
BRDA:58,4,1,3
BRDA:62,5,0,1
BRDA:62,5,1,3
BRDA:67,6,0,3
BRDA:67,6,1,0
BRDA:68,7,0,2
BRDA:68,7,1,1
BRDA:143,8,0,1
BRDA:143,8,1,4
BRDA:146,9,0,1
BRDA:146,9,1,4
BRDA:149,10,0,1
BRDA:149,10,1,4
BRDA:167,11,0,0
BRDA:167,11,1,5
BRDA:167,12,0,5
BRDA:167,12,1,0
BRDA:176,13,0,5
BRDA:176,13,1,0
BRDA:179,14,0,0
BRDA:179,14,1,0
BRDA:207,15,0,2
BRDA:207,15,1,5
BRDA:213,16,0,0
BRDA:213,16,1,5
BRDA:213,17,0,5
BRDA:213,17,1,0
BRDA:220,18,0,5
BRDA:220,18,1,0
BRDA:223,19,0,0
BRDA:223,19,1,0
BRDA:230,20,0,1
BRDA:230,20,1,3
BRDA:253,21,0,0
BRDA:253,21,1,0
BRDA:261,22,0,0
BRDA:261,22,1,0
BRDA:274,23,0,0
BRDA:274,23,1,0
BRDA:280,24,0,0
BRDA:280,24,1,0
BRDA:345,25,0,0
BRDA:345,25,1,0
BRDA:351,26,0,0
BRDA:351,26,1,0
BRDA:360,27,0,0
BRDA:360,27,1,0
BRDA:362,28,0,0
BRDA:362,28,1,0
BRDA:364,29,0,0
BRDA:364,29,1,0
BRDA:366,30,0,0
BRDA:366,30,1,0
BRDA:368,31,0,0
BRDA:368,31,1,0
BRDA:382,32,0,0
BRDA:382,32,1,0
BRDA:387,33,0,0
BRDA:387,33,1,0
BRDA:396,34,0,6
BRDA:396,34,1,6
BRDA:396,35,0,12
BRDA:396,35,1,11
BRDA:396,35,2,10
BRDA:409,36,0,2
BRDA:409,36,1,4
BRDA:436,37,0,3
BRDA:436,37,1,3
BRDA:442,38,0,1
BRDA:442,38,1,2
BRDA:465,39,0,0
BRDA:465,39,1,0
BRDA:472,40,0,0
BRDA:472,40,1,0
BRDA:481,41,0,0
BRDA:481,41,1,0
BRDA:489,42,0,0
BRDA:489,42,1,0
BRF:87
BRH:40
end_of_record
